#-----------------------------------------------------------
# Vivado v2018.3 (64-bit)
# SW Build 2405991 on Thu Dec  6 23:38:27 MST 2018
# IP Build 2404404 on Fri Dec  7 01:43:56 MST 2018
# Start of session at: Tue Oct 11 09:58:19 2022
# Process ID: 8336
# Current directory: C:/Users/hikar/Desktop/lABORATORIOVIVADOCOMPLET/project_1
# Command line: vivado.exe -gui_launcher_event rodinguilauncherevent8064 C:\Users\hikar\Desktop\lABORATORIOVIVADOCOMPLET\project_1\project_1.xpr
# Log file: C:/Users/hikar/Desktop/lABORATORIOVIVADOCOMPLET/project_1/vivado.log
# Journal file: C:/Users/hikar/Desktop/lABORATORIOVIVADOCOMPLET/project_1\vivado.jou
#-----------------------------------------------------------
start_gui
open_project C:/Users/hikar/Desktop/lABORATORIOVIVADOCOMPLET/project_1/project_1.xpr
Scanning sources...
Finished scanning sources
INFO: [IP_Flow 19-234] Refreshing IP repositories
INFO: [IP_Flow 19-1704] No user IP repositories specified
INFO: [IP_Flow 19-2313] Loaded Vivado IP repository 'D:/vivado/Vivado/2018.3/data/ip'.
open_project: Time (s): cpu = 00:00:14 ; elapsed = 00:00:12 . Memory (MB): peak = 709.496 ; gain = 97.488
update_compile_order -fileset sources_1
exit
INFO: [Common 17-206] Exiting Vivado at Tue Oct 11 10:00:26 2022...
