#-----------------------------------------------------------
# Vivado v2018.3 (64-bit)
# SW Build 2405991 on Thu Dec  6 23:38:27 MST 2018
# IP Build 2404404 on Fri Dec  7 01:43:56 MST 2018
# Start of session at: Fri Aug 19 01:40:10 2022
# Process ID: 14832
# Current directory: C:/Users/hikar/Desktop/labdigxdxd/project_lab_1
# Command line: vivado.exe -gui_launcher_event rodinguilauncherevent12448 C:\Users\hikar\Desktop\labdigxdxd\project_lab_1\project_lab_1.xpr
# Log file: C:/Users/hikar/Desktop/labdigxdxd/project_lab_1/vivado.log
# Journal file: C:/Users/hikar/Desktop/labdigxdxd/project_lab_1\vivado.jou
#-----------------------------------------------------------start_gui
open_project C:/Users/hikar/Desktop/labdigxdxd/project_lab_1/project_lab_1.xpr
Scanning sources...
Finished scanning sources
INFO: [IP_Flow 19-234] Refreshing IP repositories
INFO: [IP_Flow 19-1704] No user IP repositories specified
IINFO: [IP_Flow 19-2313] Loaded Vivado IP repository 'D:/vivado/Vivado/2018.3/data/ip'.open_project: Time (s): cpu = 00:00:15 ; elapsed = 00:00:11 . Memory (MB): peak = 660.785 ; gain = 76.445
update_compile_order -fileset sources_1
sexit
INFO: [Common 17-206] Exiting Vivado at Fri Aug 19 01:51:10 2022...
ing synth_design
Using part: xc7z020clg484-1
Top: Lab_6
---------------------------------------------------------------------------------
Starting RTL Elaboration : Time (s): cpu = 00:00:03 ; elapsed = 00:00:05 . Memory (MB): peak = 812.719 ; gain = 97.352
---------------------------------------------------------------------------------
INFO: [Synth 8-638] synthesizing module 'Lab_6' [C:/Users/hikar/Desktop/labdigxdxd/project_lab_1/project_lab_1.srcs/sources_1/new/Lab_6.vhd:49]
INFO: [Synth 8-256] done synthesizing module 'Lab_6' (1#1) [C:/Users/hikar/Desktop/labdigxdxd/project_lab_1/project_lab_1.srcs/sources_1/new/Lab_6.vhd:49]
---------------------------------------------------------------------------------
Finished RTL Elaboration : Time (s): cpu = 00:00:04 ; elapsed = 00:00:06 . Memory (MB): peak = 813.754 ; gain = 98.387
---------------------------------------------------------------------------------

Report Check Netlist: 
+------+------------------+-------+---------+-------+------------------+
|      |Item              |Errors |Warnings |Status |Description       |
+------+------------------+-------+---------+-------+------------------+
|1     |multi_driven_nets |      0|        0|Passed |Multi driven nets |
+------+------------------+-------+---------+-------+------------------+
---------------------------------------------------------------------------------
Start Handling Custom Attributes
---------------------------------------------------------------------------------
---------------------------------------------------------------------------------
Finished Handling Custom Attributes : Time (s): cpu = 00:00:04 ; elapsed = 00:00:06 . Memory (MB): peak = 813.754 ; gain = 98.387
---------------------------------------------------------------------------------
---------------------------------------------------------------------------------
Finished RTL Optimization Phase 1 : Time (s): cpu = 00:00:04 ; elapsed = 00:00:06 . Memory (MB): peak = 813.754 ; gain = 98.387
---------------------------------------------------------------------------------
INFO: [Device 21-403] Loading part xc7z020clg484-1
INFO: [Project 1-570] Preparing netlist for logic optimization

Processing XDC Constraints
Initializing timing engine
Completed Processing XDC Constraints

INFO: [Opt 31-138] Pushed 0 inverter(s) to 0 load pin(s).
Netlist sorting complete. Time (s): cpu = 00:00:00 ; elapsed = 00:00:00 . Memory (MB): peak = 1135.582 ; gain = 0.000
INFO: [Project 1-111] Unisim Transformation Summary:
No Unisim elements were transformed.

RTL Elaboration Complete:  : Time (s): cpu = 00:00:20 ; elapsed = 00:00:19 . Memory (MB): peak = 1239.543 ; gain = 524.176
6 Infos, 0 Warnings, 0 Critical Warnings and 0 Errors encountered.
synth_design completed successfully
synth_design: Time (s): cpu = 00:00:21 ; elapsed = 00:00:20 . Memory (MB): peak = 1239.543 ; gain = 524.176
launch_simulation
INFO: [Vivado 12-5682] Launching behavioral simulation in 'C:/Users/hikar/Desktop/labdigxdxd/project_lab_1/project_lab_1.sim/sim_1/behav/xsim'
INFO: [SIM-utils-51] Simulation object is 'sim_1'
INFO: [SIM-utils-54] Inspecting design source files for 'Lab6_TB' in fileset 'sim_1'...
INFO: [USF-XSim-97] Finding global include files...
INFO: [USF-XSim-98] Fetching design files from 'sim_1'...
INFO: [USF-XSim-2] XSim::Compile design
INFO: [USF-XSim-61] Executing 'COMPILE and ANALYZE' step in 'C:/Users/hikar/Desktop/labdigxdxd/project_lab_1/project_lab_1.sim/sim_1/behav/xsim'
"xvhdl --incr --relax -prj Lab6_TB_vhdl.prj"
INFO: [VRFC 10-163] Analyzing VHDL file "C:/Users/hikar/Desktop/labdigxdxd/project_lab_1/project_lab_1.srcs/sim_1/new/Lab6_TB.vhd" into library xil_defaultlib
INFO: [VRFC 10-3107] analyzing entity 'Lab6_TB'
INFO: [USF-XSim-69] 'compile' step finished in '4' seconds
INFO: [USF-XSim-3] XSim::Elaborate design
INFO: [USF-XSim-61] Executing 'ELABORATE' step in 'C:/Users/hikar/Desktop/labdigxdxd/project_lab_1/project_lab_1.sim/sim_1/behav/xsim'
Vivado Simulator 2018.3
Copyright 1986-1999, 2001-2018 Xilinx, Inc. All Rights Reserved.
Running: D:/vivado/Vivado/2018.3/bin/unwrapped/win64.o/xelab.exe -wto a784f88ce0cb4cbfaf055013bfc244e2 --incr --debug typical --relax --mt 2 -L xil_defaultlib -L secureip --snapshot Lab6_TB_behav xil_defaultlib.Lab6_TB -log elaborate.log 
Using 2 slave threads.
Starting static elaboration
Completed static elaboration
Starting simulation data flow analysis
Completed simulation data flow analysis
Time Resolution for simulation is 1ps
Compiling package std.standard
Compiling package std.textio
Compiling package ieee.std_logic_1164
Compiling architecture behavioral of entity xil_defaultlib.Lab_6 [lab_6_default]
Compiling architecture behavioral of entity xil_defaultlib.lab6_tb
Built simulation snapshot Lab6_TB_behav

****** Webtalk v2018.3 (64-bit)
  **** SW Build 2405991 on Thu Dec  6 23:38:27 MST 2018
  **** IP Build 2404404 on Fri Dec  7 01:43:56 MST 2018
    ** Copyright 1986-2018 Xilinx, Inc. All Rights Reserved.

source C:/Users/hikar/Desktop/labdigxdxd/project_lab_1/project_lab_1.sim/sim_1/behav/xsim/xsim.dir/Lab6_TB_behav/webtalk/xsim_webtalk.tcl -notrace
INFO: [Common 17-206] Exiting Webtalk at Fri Aug 19 01:48:25 2022...
run_program: Time (s): cpu = 00:00:00 ; elapsed = 00:00:08 . Memory (MB): peak = 1248.770 ; gain = 0.000
INFO: [USF-XSim-69] 'elaborate' step finished in '8' seconds
INFO: [USF-XSim-4] XSim::Simulate design
INFO: [USF-XSim-61] Executing 'SIMULATE' step in 'C:/Users/hikar/Desktop/labdigxdxd/project_lab_1/project_lab_1.sim/sim_1/behav/xsim'
INFO: [USF-XSim-98] *** Running xsim
   with args "Lab6_TB_behav -key {Behavioral:sim_1:Functional:Lab6_TB} -tclbatch {Lab6_TB.tcl} -view {C:/Users/hikar/Desktop/labdigxdxd/project_lab_1/Lab6_TB_behav.wcfg} -log {simulate.log}"
INFO: [USF-XSim-8] Loading simulator feature
Vivado Simulator 2018.3
Time resolution is 1 ps
open_wave_config C:/Users/hikar/Desktop/labdigxdxd/project_lab_1/Lab6_TB_behav.wcfg
source Lab6_TB.tcl
# set curr_wave [current_wave_config]
# if { [string length $curr_wave] == 0 } {
#   if { [llength [get_objects]] > 0} {
#     add_wave /
#     set_property needs_save false [current_wave_config]
#   } else {
#      send_msg_id Add_Wave-1 WARNING "No top level signals found. Simulator will start without a wave window. If you want to open a wave window go to 'File->New Waveform Configuration' or type 'create_wave_config' in the TCL console."
#   }
# }
# run 1000ns
INFO: [USF-XSim-96] XSim completed. Design snapshot 'Lab6_TB_behav' loaded.
INFO: [USF-XSim-97] XSim simulation ran for 1000ns
launch_simulation: Time (s): cpu = 00:00:05 ; elapsed = 00:00:15 . Memory (MB): peak = 1250.117 ; gain = 1.348
save_wave_config {C:/Users/hikar/Desktop/labdigxdxd/project_lab_1/Lab6_TB_behav.wcfg}
save_wave_config {C:/Users/hikar/Desktop/labdigxdxd/project_lab_1/Lab6_TB_behav.wcfg}
close_sim
INFO: [Simtcl 6-16] Simulation closed
exit
INFO: [Common 17-206] Exiting Vivado at Fri Aug 19 01:51:09 2022...
