#-----------------------------------------------------------
# Vivado v2018.3 (64-bit)
# SW Build 2405991 on Thu Dec  6 23:38:27 MST 2018
# IP Build 2404404 on Fri Dec  7 01:43:56 MST 2018
# Start of session at: Fri Aug 19 17:39:01 2022
# Process ID: 10436
# Current directory: C:/Users/hikar/Desktop/labdigxdxd/project_lab_1
# Command line: vivado.exe -gui_launcher_event rodinguilauncherevent8008 C:\Users\hikar\Desktop\labdigxdxd\project_lab_1\project_lab_1.xpr
# Log file: C:/Users/hikar/Desktop/labdigxdxd/project_lab_1/vivado.log
# Journal file: C:/Users/hikar/Desktop/labdigxdxd/project_lab_1\vivado.jou
#-----------------------------------------------------------
start_gui
open_project C:/Users/hikar/Desktop/labdigxdxd/project_lab_1/project_lab_1.xpr
Scanning sources...
Finished scanning sources
INFO: [IP_Flow 19-234] Refreshing IP repositories
INFO: [IP_Flow 19-1704] No user IP repositories specified
INFO: [IP_Flow 19-2313] Loaded Vivado IP repository 'D:/vivado/Vivado/2018.3/data/ip'.
open_project: Time (s): cpu = 00:00:12 ; elapsed = 00:00:06 . Memory (MB): peak = 693.367 ; gain = 85.773
update_compile_order -fileset sources_1
launch_simulation
INFO: [Vivado 12-5682] Launching behavioral simulation in 'C:/Users/hikar/Desktop/labdigxdxd/project_lab_1/project_lab_1.sim/sim_1/behav/xsim'
INFO: [SIM-utils-51] Simulation object is 'sim_1'
INFO: [SIM-utils-54] Inspecting design source files for 'Lab6_TB' in fileset 'sim_1'...
INFO: [USF-XSim-97] Finding global include files...
INFO: [USF-XSim-98] Fetching design files from 'sim_1'...
INFO: [USF-XSim-2] XSim::Compile design
INFO: [USF-XSim-61] Executing 'COMPILE and ANALYZE' step in 'C:/Users/hikar/Desktop/labdigxdxd/project_lab_1/project_lab_1.sim/sim_1/behav/xsim'
"xvhdl --incr --relax -prj Lab6_TB_vhdl.prj"
INFO: [USF-XSim-69] 'compile' step finished in '2' seconds
INFO: [USF-XSim-3] XSim::Elaborate design
INFO: [USF-XSim-61] Executing 'ELABORATE' step in 'C:/Users/hikar/Desktop/labdigxdxd/project_lab_1/project_lab_1.sim/sim_1/behav/xsim'
Vivado Simulator 2018.3
Copyright 1986-1999, 2001-2018 Xilinx, Inc. All Rights Reserved.
Running: D:/vivado/Vivado/2018.3/bin/unwrapped/win64.o/xelab.exe -wto a784f88ce0cb4cbfaf055013bfc244e2 --incr --debug typical --relax --mt 2 -L xil_defaultlib -L secureip --snapshot Lab6_TB_behav xil_defaultlib.Lab6_TB -log elaborate.log 
Using 2 slave threads.
Starting static elaboration
Completed static elaboration
INFO: [XSIM 43-4323] No Change in HDL. Linking previously generated obj files to create kernel
INFO: [USF-XSim-69] 'elaborate' step finished in '2' seconds
INFO: [USF-XSim-4] XSim::Simulate design
INFO: [USF-XSim-61] Executing 'SIMULATE' step in 'C:/Users/hikar/Desktop/labdigxdxd/project_lab_1/project_lab_1.sim/sim_1/behav/xsim'
INFO: [USF-XSim-98] *** Running xsim
   with args "Lab6_TB_behav -key {Behavioral:sim_1:Functional:Lab6_TB} -tclbatch {Lab6_TB.tcl} -view {C:/Users/hikar/Desktop/labdigxdxd/project_lab_1/Lab6_TB_behav.wcfg} -log {simulate.log}"
INFO: [USF-XSim-8] Loading simulator feature
Vivado Simulator 2018.3
Time resolution is 1 ps
open_wave_config C:/Users/hikar/Desktop/labdigxdxd/project_lab_1/Lab6_TB_behav.wcfg
source Lab6_TB.tcl
# set curr_wave [current_wave_config]
# if { [string length $curr_wave] == 0 } {
#   if { [llength [get_objects]] > 0} {
#     add_wave /
#     set_property needs_save false [current_wave_config]
#   } else {
#      send_msg_id Add_Wave-1 WARNING "No top level signals found. Simulator will start without a wave window. If you want to open a wave window go to 'File->New Waveform Configuration' or type 'create_wave_config' in the TCL console."
#   }
# }
# run 1000ns
INFO: [USF-XSim-96] XSim completed. Design snapshot 'Lab6_TB_behav' loaded.
INFO: [USF-XSim-97] XSim simulation ran for 1000ns
launch_simulation: Time (s): cpu = 00:00:08 ; elapsed = 00:00:08 . Memory (MB): peak = 781.938 ; gain = 33.781
save_wave_config {C:/Users/hikar/Desktop/labdigxdxd/project_lab_1/Lab6_TB_behav.wcfg}
close_sim
INFO: [Simtcl 6-16] Simulation closed
launch_simulation
INFO: [Vivado 12-5682] Launching behavioral simulation in 'C:/Users/hikar/Desktop/labdigxdxd/project_lab_1/project_lab_1.sim/sim_1/behav/xsim'
INFO: [SIM-utils-51] Simulation object is 'sim_1'
INFO: [SIM-utils-54] Inspecting design source files for 'Lab6_TB' in fileset 'sim_1'...
INFO: [USF-XSim-97] Finding global include files...
INFO: [USF-XSim-98] Fetching design files from 'sim_1'...
INFO: [USF-XSim-2] XSim::Compile design
INFO: [USF-XSim-61] Executing 'COMPILE and ANALYZE' step in 'C:/Users/hikar/Desktop/labdigxdxd/project_lab_1/project_lab_1.sim/sim_1/behav/xsim'
"xvhdl --incr --relax -prj Lab6_TB_vhdl.prj"
INFO: [VRFC 10-163] Analyzing VHDL file "C:/Users/hikar/Desktop/labdigxdxd/project_lab_1/project_lab_1.srcs/sim_1/new/Lab6_TB.vhd" into library xil_defaultlib
INFO: [VRFC 10-3107] analyzing entity 'Lab6_TB'
INFO: [USF-XSim-69] 'compile' step finished in '1' seconds
INFO: [USF-XSim-3] XSim::Elaborate design
INFO: [USF-XSim-61] Executing 'ELABORATE' step in 'C:/Users/hikar/Desktop/labdigxdxd/project_lab_1/project_lab_1.sim/sim_1/behav/xsim'
Vivado Simulator 2018.3
Copyright 1986-1999, 2001-2018 Xilinx, Inc. All Rights Reserved.
Running: D:/vivado/Vivado/2018.3/bin/unwrapped/win64.o/xelab.exe -wto a784f88ce0cb4cbfaf055013bfc244e2 --incr --debug typical --relax --mt 2 -L xil_defaultlib -L secureip --snapshot Lab6_TB_behav xil_defaultlib.Lab6_TB -log elaborate.log 
Using 2 slave threads.
Starting static elaboration
Completed static elaboration
Starting simulation data flow analysis
Completed simulation data flow analysis
Time Resolution for simulation is 1ps
Compiling package std.standard
Compiling package std.textio
Compiling package ieee.std_logic_1164
Compiling architecture behavioral of entity xil_defaultlib.Lab_6 [lab_6_default]
Compiling architecture behavioral of entity xil_defaultlib.lab6_tb
Built simulation snapshot Lab6_TB_behav
INFO: [USF-XSim-69] 'elaborate' step finished in '3' seconds
INFO: [USF-XSim-4] XSim::Simulate design
INFO: [USF-XSim-61] Executing 'SIMULATE' step in 'C:/Users/hikar/Desktop/labdigxdxd/project_lab_1/project_lab_1.sim/sim_1/behav/xsim'
INFO: [USF-XSim-98] *** Running xsim
   with args "Lab6_TB_behav -key {Behavioral:sim_1:Functional:Lab6_TB} -tclbatch {Lab6_TB.tcl} -view {C:/Users/hikar/Desktop/labdigxdxd/project_lab_1/Lab6_TB_behav.wcfg} -log {simulate.log}"
INFO: [USF-XSim-8] Loading simulator feature
Vivado Simulator 2018.3
Time resolution is 1 ps
open_wave_config C:/Users/hikar/Desktop/labdigxdxd/project_lab_1/Lab6_TB_behav.wcfg
source Lab6_TB.tcl
# set curr_wave [current_wave_config]
# if { [string length $curr_wave] == 0 } {
#   if { [llength [get_objects]] > 0} {
#     add_wave /
#     set_property needs_save false [current_wave_config]
#   } else {
#      send_msg_id Add_Wave-1 WARNING "No top level signals found. Simulator will start without a wave window. If you want to open a wave window go to 'File->New Waveform Configuration' or type 'create_wave_config' in the TCL console."
#   }
# }
# run 1000ns
INFO: [USF-XSim-96] XSim completed. Design snapshot 'Lab6_TB_behav' loaded.
INFO: [USF-XSim-97] XSim simulation ran for 1000ns
launch_simulation: Time (s): cpu = 00:00:03 ; elapsed = 00:00:06 . Memory (MB): peak = 791.508 ; gain = 0.000
close_sim
INFO: [Simtcl 6-16] Simulation closed
exit
INFO: [Common 17-206] Exiting Vivado at Fri Aug 19 17:43:54 2022...
